{"C:\\js\\react_less9\\src\\actions\\profile.js": {"path":"C:\\js\\react_less9\\src\\actions\\profile.js","statementMap":{"0":{"start":{"line":3,"column":36},"end":{"line":3,"column":69}},"1":{"start":{"line":4,"column":36},"end":{"line":4,"column":69}},"2":{"start":{"line":5,"column":36},"end":{"line":5,"column":69}},"3":{"start":{"line":9,"column":33},"end":{"line":19,"column":1}},"4":{"start":{"line":10,"column":4},"end":{"line":18,"column":5}},"5":{"start":{"line":11,"column":8},"end":{"line":17,"column":9}},"6":{"start":{"line":12,"column":12},"end":{"line":12,"column":45}},"7":{"start":{"line":13,"column":27},"end":{"line":13,"column":56}},"8":{"start":{"line":14,"column":12},"end":{"line":14,"column":64}},"9":{"start":{"line":16,"column":12},"end":{"line":16,"column":50}}},"fnMap":{"0":{"name":"(anonymous_0)","decl":{"start":{"line":9,"column":33},"end":{"line":9,"column":34}},"loc":{"start":{"line":9,"column":39},"end":{"line":19,"column":1}},"line":9},"1":{"name":"(anonymous_1)","decl":{"start":{"line":10,"column":11},"end":{"line":10,"column":12}},"loc":{"start":{"line":10,"column":31},"end":{"line":18,"column":5}},"line":10}},"branchMap":{},"s":{"0":3,"1":3,"2":3,"3":3,"4":2,"5":2,"6":2,"7":2,"8":2,"9":1},"f":{"0":2,"1":2},"b":{},"_coverageSchema":"1a1c01bbd47fc00a2c39e90264f33305004495a9","hash":"2358d5864d2d508a1a8586cf3aab77635c094f6f"}
,"C:\\js\\react_less9\\src\\pages\\Profile.jsx": {"path":"C:\\js\\react_less9\\src\\pages\\Profile.jsx","statementMap":{"0":{"start":{"line":6,"column":27},"end":{"line":24,"column":1}},"1":{"start":{"line":7,"column":4},"end":{"line":11,"column":5}},"2":{"start":{"line":8,"column":8},"end":{"line":10,"column":10}},"3":{"start":{"line":12,"column":4},"end":{"line":16,"column":5}},"4":{"start":{"line":13,"column":8},"end":{"line":15,"column":10}},"5":{"start":{"line":17,"column":4},"end":{"line":23,"column":17}}},"fnMap":{"0":{"name":"(anonymous_0)","decl":{"start":{"line":6,"column":27},"end":{"line":6,"column":28}},"loc":{"start":{"line":6,"column":64},"end":{"line":24,"column":1}},"line":6}},"branchMap":{"0":{"loc":{"start":{"line":7,"column":4},"end":{"line":11,"column":5}},"type":"if","locations":[{"start":{"line":7,"column":4},"end":{"line":11,"column":5}},{"start":{"line":7,"column":4},"end":{"line":11,"column":5}}],"line":7},"1":{"loc":{"start":{"line":12,"column":4},"end":{"line":16,"column":5}},"type":"if","locations":[{"start":{"line":12,"column":4},"end":{"line":16,"column":5}},{"start":{"line":12,"column":4},"end":{"line":16,"column":5}}],"line":12}},"s":{"0":1,"1":4,"2":2,"3":2,"4":1,"5":1},"f":{"0":4},"b":{"0":[2,2],"1":[1,1]},"_coverageSchema":"1a1c01bbd47fc00a2c39e90264f33305004495a9","hash":"f6ed7b1e6a0c7149c1397546042aaca4290ac70a"}
,"C:\\js\\react_less9\\src\\reducers\\profile.js": {"path":"C:\\js\\react_less9\\src\\reducers\\profile.js","statementMap":{"0":{"start":{"line":14,"column":21},"end":{"line":18,"column":1}},"1":{"start":{"line":20,"column":30},"end":{"line":45,"column":16}},"2":{"start":{"line":22,"column":8},"end":{"line":26,"column":10}},"3":{"start":{"line":30,"column":8},"end":{"line":35,"column":10}},"4":{"start":{"line":39,"column":8},"end":{"line":43,"column":10}}},"fnMap":{"0":{"name":"(anonymous_0)","decl":{"start":{"line":21,"column":28},"end":{"line":21,"column":29}},"loc":{"start":{"line":21,"column":47},"end":{"line":27,"column":5}},"line":21},"1":{"name":"(anonymous_1)","decl":{"start":{"line":29,"column":28},"end":{"line":29,"column":29}},"loc":{"start":{"line":29,"column":47},"end":{"line":36,"column":5}},"line":29},"2":{"name":"(anonymous_2)","decl":{"start":{"line":38,"column":28},"end":{"line":38,"column":29}},"loc":{"start":{"line":38,"column":47},"end":{"line":44,"column":5}},"line":38}},"branchMap":{},"s":{"0":1,"1":1,"2":1,"3":1,"4":1},"f":{"0":1,"1":1,"2":1},"b":{},"_coverageSchema":"1a1c01bbd47fc00a2c39e90264f33305004495a9","hash":"ca345ed039c194ae980ceb52961a26fde73fcbb3"}
}
